{
  "0 debug pnpm:scope": {
    "selected": 1,
    "workspacePrefix": "/Users/peterallen/Projects/postcss-preprocess"
  },
  "1 debug pnpm:package-manifest": {
    "initial": {
      "name": "app",
      "version": "1.0.0",
      "description": "",
      "main": "index.js",
      "scripts": {
        "test": "echo \"Error: no test specified\" && exit 1"
      },
      "keywords": [],
      "author": "",
      "license": "ISC"
    },
    "prefix": "/Users/peterallen/Projects/postcss-preprocess/packages/app"
  },
  "2 debug pnpm:package-manifest": {
    "initial": {
      "name": "postcss-preprocess",
      "version": "1.0.0",
      "description": "",
      "main": "index.js",
      "scripts": {
        "test": "echo \"Error: no test specified\" && exit 1"
      },
      "keywords": [],
      "author": "",
      "license": "ISC"
    },
    "prefix": "/Users/peterallen/Projects/postcss-preprocess"
  },
  "3 debug pnpm:context": {
    "currentLockfileExists": false,
    "storeDir": "/Users/peterallen/.pnpm-store/v3",
    "virtualStoreDir": "/Users/peterallen/Projects/postcss-preprocess/node_modules/.pnpm"
  },
  "4 debug pnpm:stage": {
    "prefix": "/Users/peterallen/Projects/postcss-preprocess",
    "stage": "resolution_started"
  },
  "5 debug pnpm:_dependency_resolved": {
    "resolution": "registry.npmjs.org/vite/2.7.13",
    "wanted": {
      "dependentId": "packages/app",
      "name": "vite",
      "rawSpec": "latest"
    }
  },
  "6 debug pnpm:progress": {
    "packageId": "registry.npmjs.org/vite/2.7.13",
    "requester": "/Users/peterallen/Projects/postcss-preprocess",
    "status": "resolved"
  },
  "7 debug pnpm:progress": {
    "packageId": "registry.npmjs.org/vite/2.7.13",
    "requester": "/Users/peterallen/Projects/postcss-preprocess",
    "status": "found_in_store"
  },
  "8 error pnpm": {
    "code": "ERR_PNPM_FETCH_404",
    "hint": "@sveltejs/plugin-vite is not in the npm registry, or you have no permission to fetch it.\n\nAn authorization header was used: Bearer npm_[hidden]",
    "request": {
      "authHeaderValue": "Bearer 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",
      "url": "https://registry.npmjs.org/@sveltejs%2Fplugin-vite"
    },
    "response": {
      "size": 0
    },
    "pkgName": "@sveltejs/plugin-vite",
    "pkgsStack": [],
    "err": {
      "name": "pnpm",
      "message": "GET https://registry.npmjs.org/@sveltejs%2Fplugin-vite: Not Found - 404",
      "code": "ERR_PNPM_FETCH_404",
      "stack": "pnpm: GET https://registry.npmjs.org/@sveltejs%2Fplugin-vite: Not Found - 404\n    at RetryOperation._fn (/Users/peterallen/.volta/tools/image/packages/pnpm/lib/node_modules/pnpm/dist/pnpm.cjs:85056:19)\n    at processTicksAndRejections (node:internal/process/task_queues:96:5)"
    }
  }
}